<?xml version="1.0" encoding="UTF-8"?>
<!-- Generated by org.testng.reporters.JUnitXMLReporter -->
<testsuite ignored="0" hostname="DESKTOP-05M0LBI" failures="0" tests="3" name="testRunner-1" time="67.242" errors="0" timestamp="2021-08-24T16:53:20 IST">
  <testcase classname="com.vtiger.skipulogo.leadtest1.CreateLead" name="ConverLeadToBySelectingOnlyOrganisation" time="17.759"/>
  <testcase classname="com.vtiger.skipulogo.leadtest1.CreateLead" name="ConvertLeadBySelectingAllChkBxTest" time="18.081"/>
  <testcase classname="com.vtiger.skipulogo.leadtest1.CreateLead" name="ConvertLeadtoOpertunityBySelectingOnlyOpertunityTesst" time="18.658"/>
</testsuite> <!-- testRunner-1 -->
